<?xml version="1.0" encoding="UTF-8"?>
<!-- Generated by org.testng.reporters.JUnitReportReporter -->
<testsuite hostname="LAPTOP-CVGQM1CK" failures="0" tests="1" name="com.edu.dataprovider.NsDataProvider" time="0.009" errors="0" timestamp="12 12æœˆ 2018 09:56:10 GMT" skipped="0">
  <testcase classname="com.edu.dataprovider.NsDataProvider" name="addRenwu" time="0.009"/>
</testsuite> <!-- com.edu.dataprovider.NsDataProvider -->
