<?xml version="1.0" encoding="UTF-8"?>
<!-- Generated by org.testng.reporters.JUnitReportReporter -->
<testsuite hostname="LAPTOP-CVGQM1CK" failures="0" tests="1" name="com.webtest.demo.AddmovieTest" time="20.976" errors="0" timestamp="16 10æœˆ 2018 02:25:27 GMT" skipped="0">
  <testcase classname="com.webtest.demo.AddmovieTest" name="testLogin" time="20.976"/>
</testsuite> <!-- com.webtest.demo.AddmovieTest -->
