<?xml version="1.0" encoding="UTF-8"?>
<!-- Generated by org.testng.reporters.JUnitReportReporter -->
<testsuite hostname="DESKTOP-QJ34113" failures="0" tests="1" name="com.webtest.demo.Front_Login_Test" time="16.251" errors="0" timestamp="28 11æœˆ 2018 06:56:01 GMT" skipped="0">
  <testcase classname="com.webtest.demo.Front_Login_Test" name="testLogin" time="16.251"/>
</testsuite> <!-- com.webtest.demo.Front_Login_Test -->
