<?xml version="1.0" encoding="UTF-8"?>
<!-- Generated by org.testng.reporters.JUnitReportReporter -->
<testsuite hostname="LAPTOP-OHIPPB3J" failures="0" tests="1" name="package1.CreateClass" time="15.868" errors="0" timestamp="28 11æœˆ 2018 08:51:12 GMT" skipped="0">
  <testcase classname="package1.CreateClass" name="test_createClass" time="15.868"/>
</testsuite> <!-- package1.CreateClass -->
