<?xml version="1.0" encoding="UTF-8"?>
<!-- Generated by org.testng.reporters.JUnitReportReporter -->
<testsuite hostname="LAPTOP-OHIPPB3J" failures="0" tests="1" name="com.webtest.demo.PostMailHtml" time="22.695" errors="0" timestamp="28 11æœˆ 2018 09:21:18 GMT" skipped="0">
  <testcase classname="com.webtest.demo.PostMailHtml" name="send_file" time="22.695"/>
</testsuite> <!-- com.webtest.demo.PostMailHtml -->
