<?xml version="1.0" encoding="UTF-8"?>
<!-- Generated by org.testng.reporters.JUnitReportReporter -->
<testsuite hostname="LAPTOP-OHIPPB3J" failures="0" tests="1" name="com.webtest.demo.Create_Class" time="13.101" errors="0" timestamp="28 11æœˆ 2018 09:15:41 GMT" skipped="0">
  <testcase classname="com.webtest.demo.Create_Class" name="create_class" time="13.101"/>
</testsuite> <!-- com.webtest.demo.Create_Class -->
