<?xml version="1.0" encoding="UTF-8"?>
<!-- Generated by org.testng.reporters.JUnitReportReporter -->
<testsuite hostname="PC" failures="0" tests="1" name="com.edu.test.A" time="0.005" errors="0" timestamp="25 12æœˆ 2018 10:20:52 GMT" skipped="0">
  <testcase classname="com.edu.test.A" name="ma" time="0.005"/>
</testsuite> <!-- com.edu.test.A -->
