<?xml version="1.0" encoding="UTF-8"?>
<!-- Generated by org.testng.reporters.JUnitReportReporter -->
<testsuite hostname="沐子小仙女" failures="0" tests="1" name="com.edu.test.TenLogin" time="0.000" errors="0" timestamp="31 10月 2018 02:26:11 GMT" skipped="1">
  <testcase classname="com.edu.test.TenLogin" name="submit" time="0.000">
    <skipped/>
  </testcase> <!-- submit -->
</testsuite> <!-- com.edu.test.TenLogin -->
