<?xml version="1.0" encoding="UTF-8"?>
<!-- Generated by org.testng.reporters.JUnitReportReporter -->
<testsuite hostname="沐子小仙女" failures="0" tests="1" name="com.edu.test.Food_Fun" time="0.381" errors="0" timestamp="30 10月 2018 07:59:47 GMT" skipped="0">
  <testcase classname="com.edu.test.Food_Fun" name="loginSuccess" time="0.381"/>
</testsuite> <!-- com.edu.test.Food_Fun -->
