<?xml version="1.0" encoding="UTF-8"?>
<!-- Generated by org.testng.reporters.JUnitReportReporter -->
<testsuite hostname="LAPTOP-OHIPPB3J" failures="0" tests="1" name="com.edu.test.Addadress" time="0.921" errors="0" timestamp="18 12æœˆ 2018 09:26:12 GMT" skipped="0">
  <testcase classname="com.edu.test.Addadress" name="addAddress" time="0.921"/>
</testsuite> <!-- com.edu.test.Addadress -->
