<?xml version="1.0" encoding="UTF-8"?>
<!-- Generated by org.testng.reporters.JUnitReportReporter -->
<testsuite hostname="LAPTOP-OHIPPB3J" failures="0" tests="1" name="com.edu.test.AddressDelete" time="1.741" errors="0" timestamp="21 12æœˆ 2018 02:00:53 GMT" skipped="0">
  <testcase classname="com.edu.test.AddressDelete" name="addressDelete" time="1.741"/>
</testsuite> <!-- com.edu.test.AddressDelete -->
