<?xml version="1.0" encoding="UTF-8"?>
<!-- Generated by org.testng.reporters.JUnitReportReporter -->
<testsuite hostname="LAPTOP-OHIPPB3J" failures="0" tests="1" name="com.edu.scene.test.AddAddress_Test" time="0.706" errors="0" timestamp="21 12æœˆ 2018 08:48:53 GMT" skipped="0">
  <testcase classname="com.edu.scene.test.AddAddress_Test" name="addAddress_test" time="0.706"/>
</testsuite> <!-- com.edu.scene.test.AddAddress_Test -->
