<?xml version="1.0" encoding="UTF-8"?>
<!-- Generated by org.testng.reporters.JUnitReportReporter -->
<testsuite hostname="LAPTOP-OHIPPB3J" failures="0" tests="1" name="com.edu.scene.test.SkuList_Test" time="0.151" errors="0" timestamp="28 12æœˆ 2018 01:08:37 GMT" skipped="0">
  <testcase classname="com.edu.scene.test.SkuList_Test" name="skulist_test" time="0.151"/>
</testsuite> <!-- com.edu.scene.test.SkuList_Test -->
