<?xml version="1.0" encoding="UTF-8"?>
<!-- Generated by org.testng.reporters.JUnitReportReporter -->
<testsuite hostname="LAPTOP-OHIPPB3J" failures="0" tests="4" name="com.edu.scene.test.HttpClient" time="0.596" errors="0" timestamp="28 12æœˆ 2018 00:48:14 GMT" skipped="0">
  <testcase classname="com.edu.scene.test.HttpClient" name="loginSuccess" time="0.316"/>
  <testcase classname="com.edu.scene.test.HttpClient" name="getAddress" time="0.164"/>
  <testcase classname="com.edu.scene.test.HttpClient" name="getFee" time="0.056"/>
  <testcase classname="com.edu.scene.test.HttpClient" name="submit" time="0.060"/>
</testsuite> <!-- com.edu.scene.test.HttpClient -->
