<?xml version="1.0" encoding="UTF-8"?>
<!-- Generated by org.testng.reporters.JUnitReportReporter -->
<testsuite hostname="LAPTOP-OHIPPB3J" failures="0" tests="1" name="com.edu.test.GetTranspotFee" time="0.625" errors="0" timestamp="21 12æœˆ 2018 02:38:24 GMT" skipped="0">
  <testcase classname="com.edu.test.GetTranspotFee" name="feeTest" time="0.625"/>
</testsuite> <!-- com.edu.test.GetTranspotFee -->
