<?xml version="1.0" encoding="UTF-8"?>
<!-- Generated by org.testng.reporters.JUnitReportReporter -->
<testsuite hostname="LAPTOP-OHIPPB3J" failures="0" tests="1" name="com.edu.test.Submit" time="0.836" errors="0" timestamp="21 12æœˆ 2018 02:40:43 GMT" skipped="0">
  <testcase classname="com.edu.test.Submit" name="submit" time="0.836"/>
</testsuite> <!-- com.edu.test.Submit -->
