<?xml version="1.0" encoding="UTF-8"?>
<!-- Generated by org.testng.reporters.JUnitReportReporter -->
<testsuite hostname="LAPTOP-OHIPPB3J" failures="0" tests="3" name="com.edu.test.AddAddress" time="0.528" errors="0" timestamp="21 12æœˆ 2018 05:35:20 GMT" skipped="2">
  <testcase classname="com.edu.test.AddAddress" name="addressList1" time="0.528"/>
  <testcase classname="com.edu.test.AddAddress" name="login">
    <skipped/>
  </testcase> <!-- login -->
  <testcase classname="com.edu.test.AddAddress" name="AddAddress">
    <skipped/>
  </testcase> <!-- AddAddress -->
</testsuite> <!-- com.edu.test.AddAddress -->
