<?xml version="1.0" encoding="UTF-8"?>
<!-- Generated by org.testng.reporters.JUnitReportReporter -->
<testsuite hostname="LAPTOP-OHIPPB3J" failures="0" tests="1" name="com.edu.test.SkuList" time="0.576" errors="0" timestamp="21 12æœˆ 2018 02:21:32 GMT" skipped="0">
  <testcase classname="com.edu.test.SkuList" name="skulist" time="0.576"/>
</testsuite> <!-- com.edu.test.SkuList -->
