<?xml version="1.0" encoding="UTF-8"?>
<!-- Generated by org.testng.reporters.JUnitReportReporter -->
<testsuite hostname="LAPTOP-OHIPPB3J" failures="0" tests="1" name="com.edu.scene.test.AddressDelete" time="0.727" errors="0" timestamp="21 12æœˆ 2018 02:51:23 GMT" skipped="0">
  <testcase classname="com.edu.scene.test.AddressDelete" name="addressDelete" time="0.727"/>
</testsuite> <!-- com.edu.scene.test.AddressDelete -->
