<?xml version="1.0" encoding="UTF-8"?>
<!-- Generated by org.testng.reporters.JUnitReportReporter -->
<testsuite hostname="PC" failures="0" tests="3" name="com.edu.test.Notice_Test" time="43.298" errors="0" timestamp="26 12æœˆ 2018 11:25:40 GMT" skipped="0">
  <testcase classname="com.edu.test.Notice_Test" name="comment" time="31.259"/>
  <testcase classname="com.edu.test.Notice_Test" name="notice" time="5.059"/>
  <testcase classname="com.edu.test.Notice_Test" name="praise" time="6.980"/>
</testsuite> <!-- com.edu.test.Notice_Test -->
