<?xml version="1.0" encoding="UTF-8"?>
<!-- Generated by org.testng.reporters.JUnitReportReporter -->
<testsuite hostname="PC" failures="0" tests="1" name="com.edu.teach_test.AddRenwu" time="33.831" errors="0" timestamp="06 12æœˆ 2018 11:21:28 GMT" skipped="0">
  <testcase classname="com.edu.teach_test.AddRenwu" name="addRenwu" time="33.831"/>
</testsuite> <!-- com.edu.teach_test.AddRenwu -->
