<?xml version="1.0" encoding="UTF-8"?>
<!-- Generated by org.testng.reporters.JUnitReportReporter -->
<testsuite hostname="PC" failures="0" tests="1" name="com.edu.stu_test.Login_Test" time="11.186" errors="0" timestamp="28 12æœˆ 2018 03:32:41 GMT" skipped="0">
  <testcase classname="com.edu.stu_test.Login_Test" name="loginfail" time="11.186"/>
</testsuite> <!-- com.edu.stu_test.Login_Test -->
