<?xml version="1.0" encoding="UTF-8"?>
<!-- Generated by org.testng.reporters.JUnitReportReporter -->
<testsuite hostname="PC" failures="0" tests="1" name="com.edu.teach_test.AddRenwu_Test" time="19.332" errors="0" timestamp="26 12æœˆ 2018 11:31:00 GMT" skipped="0">
  <testcase classname="com.edu.teach_test.AddRenwu_Test" name="addRenwu" time="19.332"/>
</testsuite> <!-- com.edu.teach_test.AddRenwu_Test -->
