<?xml version="1.0" encoding="UTF-8"?>
<!-- Generated by org.testng.reporters.JUnitReportReporter -->
<testsuite hostname="PC" failures="0" tests="1" name="com.edu.test.TestB" time="0.010" errors="0" timestamp="04 12æœˆ 2018 10:21:15 GMT" skipped="0">
  <testcase classname="com.edu.test.TestB" name="t1" time="0.010"/>
</testsuite> <!-- com.edu.test.TestB -->
