<?xml version="1.0" encoding="UTF-8"?>
<!-- Generated by org.testng.reporters.JUnitReportReporter -->
<testsuite hostname="PC" failures="0" tests="1" name="com.edu.test.AssertDemo" time="0.010" errors="0" timestamp="12 12æœˆ 2018 06:49:07 GMT" skipped="0">
  <testcase classname="com.edu.test.AssertDemo" name="test1" time="0.010"/>
</testsuite> <!-- com.edu.test.AssertDemo -->
