<?xml version="1.0" encoding="UTF-8"?>
<!-- Generated by org.testng.reporters.JUnitReportReporter -->
<<<<<<< HEAD:王函瑜/XueliProject/test-output/junitreports/TEST-com.edu.test.Work_Change_Test.xml
<testsuite hostname="LAPTOP-OHIPPB3J" failures="0" tests="6" name="com.edu.test.Work_Change_Test" time="32.304" errors="0" timestamp="07 12月 2018 00:44:47 GMT" skipped="5">
  <testcase classname="com.edu.test.Work_Change_Test" name="change_code" time="32.304"/>
  <testcase classname="com.edu.test.Work_Change_Test" name="change_txt">
    <skipped/>
  </testcase> <!-- change_txt -->
  <testcase classname="com.edu.test.Work_Change_Test" name="add_code">
    <skipped/>
  </testcase> <!-- add_code -->
  <testcase classname="com.edu.test.Work_Change_Test" name="change_txtAll">
    <skipped/>
  </testcase> <!-- change_txtAll -->
  <testcase classname="com.edu.test.Work_Change_Test" name="add_file">
    <skipped/>
  </testcase> <!-- add_file -->
  <testcase classname="com.edu.test.Work_Change_Test" name="change_flie">
    <skipped/>
  </testcase> <!-- change_flie -->
=======
<testsuite hostname="PC" failures="0" tests="6" name="com.edu.test.Work_Change_Test" time="116.682" errors="0" timestamp="18 12月 2018 03:15:34 GMT" skipped="0">
  <testcase classname="com.edu.test.Work_Change_Test" name="add_file" time="10.957"/>
  <testcase classname="com.edu.test.Work_Change_Test" name="change_txt" time="38.891"/>
  <testcase classname="com.edu.test.Work_Change_Test" name="change_txtAll" time="10.020"/>
  <testcase classname="com.edu.test.Work_Change_Test" name="change_flie" time="9.206"/>
  <testcase classname="com.edu.test.Work_Change_Test" name="add_code" time="25.615"/>
  <testcase classname="com.edu.test.Work_Change_Test" name="change_code" time="21.993"/>
>>>>>>> 1191a5a979de8933a40535de839db9e33a7af004:王函瑜/XueliProject2/test-output/junitreports/TEST-com.edu.test.Work_Change_Test.xml
</testsuite> <!-- com.edu.test.Work_Change_Test -->
