<?xml version="1.0" encoding="UTF-8"?>
<!-- Generated by org.testng.reporters.JUnitReportReporter -->
<testsuite hostname="PC" failures="0" tests="2" name="com.edu.test.QieShuo_Test" time="46.124" errors="0" timestamp="18 12æœˆ 2018 07:11:40 GMT" skipped="0">
  <testcase classname="com.edu.test.QieShuo_Test" name="commentLong_Fail2" time="21.901"/>
  <testcase classname="com.edu.test.QieShuo_Test" name="commentLong_Fail1" time="24.223"/>
</testsuite> <!-- com.edu.test.QieShuo_Test -->
