<?xml version="1.0" encoding="UTF-8"?>
<!-- Generated by org.testng.reporters.JUnitReportReporter -->
<testsuite hostname="PC" failures="0" tests="1" name="com.edu.core.ReadProperties" time="0.008" errors="0" timestamp="30 11æœˆ 2018 01:13:04 GMT" skipped="0">
  <testcase classname="com.edu.core.ReadProperties" name="t1" time="0.008"/>
</testsuite> <!-- com.edu.core.ReadProperties -->
