<?xml version="1.0" encoding="UTF-8"?>
<!-- Generated by org.testng.reporters.JUnitReportReporter -->
<testsuite hostname="PC" failures="0" tests="1" name="com.edu.test.Login_Test" time="8.885" errors="0" timestamp="26 12æœˆ 2018 12:44:44 GMT" skipped="0">
  <testcase classname="com.edu.test.Login_Test" name="loginfail" time="8.885"/>
</testsuite> <!-- com.edu.test.Login_Test -->
