<?xml version="1.0" encoding="UTF-8"?>
<!-- Generated by org.testng.reporters.JUnitReportReporter -->
<testsuite hostname="PC" failures="0" tests="3" name="com.edu.test.Search_Test" time="33.866" errors="0" timestamp="18 12æœˆ 2018 06:35:30 GMT" skipped="0">
  <testcase classname="com.edu.test.Search_Test" name="search_success" time="16.323"/>
  <testcase classname="com.edu.test.Search_Test" name="search_fail" time="9.247"/>
  <testcase classname="com.edu.test.Search_Test" name="search_null" time="8.296"/>
</testsuite> <!-- com.edu.test.Search_Test -->
