<?xml version="1.0" encoding="UTF-8"?>
<!-- Generated by org.testng.reporters.JUnitReportReporter -->
<testsuite hostname="PC" failures="0" tests="6" name="com.edu.test.Own_Message_Test" time="130.253" errors="0" timestamp="18 12æœˆ 2018 03:15:34 GMT" skipped="0">
  <testcase classname="com.edu.test.Own_Message_Test" name="exit" time="9.400"/>
  <testcase classname="com.edu.test.Own_Message_Test" name="edit_PasswordFailed" time="25.754"/>
  <testcase classname="com.edu.test.Own_Message_Test" name="edit_Message" time="34.675"/>
  <testcase classname="com.edu.test.Own_Message_Test" name="own_Message" time="12.318"/>
  <testcase classname="com.edu.test.Own_Message_Test" name="edit_PasswordFailed3" time="23.833"/>
  <testcase classname="com.edu.test.Own_Message_Test" name="edit_PasswordFailed2" time="24.273"/>
</testsuite> <!-- com.edu.test.Own_Message_Test -->
