<?xml version="1.0" encoding="UTF-8"?>
<!-- Generated by org.testng.reporters.JUnitReportReporter -->
<testsuite hostname="PC" failures="0" tests="1" name="com.edu.teach_test.CreateClass_Test" time="26.511" errors="0" timestamp="26 12æœˆ 2018 11:25:40 GMT" skipped="0">
  <testcase classname="com.edu.teach_test.CreateClass_Test" name="create_class" time="26.511"/>
</testsuite> <!-- com.edu.teach_test.CreateClass_Test -->
