<?xml version="1.0" encoding="UTF-8"?>
<!-- Generated by org.testng.reporters.JUnitReportReporter -->
<testsuite hostname="PC" failures="0" tests="1" name="com.edu.test.Work_Change_Test" time="38.049" errors="0" timestamp="26 12æœˆ 2018 11:25:40 GMT" skipped="0">
  <testcase classname="com.edu.test.Work_Change_Test" name="change_work" time="38.049"/>
</testsuite> <!-- com.edu.test.Work_Change_Test -->
