<?xml version="1.0" encoding="UTF-8"?>
<!-- Generated by org.testng.reporters.JUnitReportReporter -->
<testsuite hostname="PC" failures="0" tests="4" name="com.edu.test.Course_Test" time="101.191" errors="0" timestamp="26 12æœˆ 2018 11:25:40 GMT" skipped="0">
  <testcase classname="com.edu.test.Course_Test" name="course_Search3" time="33.308"/>
  <testcase classname="com.edu.test.Course_Test" name="course_Search2" time="28.475"/>
  <testcase classname="com.edu.test.Course_Test" name="course_Look" time="20.493"/>
  <testcase classname="com.edu.test.Course_Test" name="course_Search" time="18.915"/>
</testsuite> <!-- com.edu.test.Course_Test -->
