<?xml version="1.0" encoding="UTF-8"?>
<!-- Generated by org.testng.reporters.JUnitReportReporter -->
<testsuite hostname="PC" failures="0" tests="1" name="com.edu.test.xuelishixun_Action" time="31.312" errors="0" timestamp="13 12æœˆ 2018 03:40:38 GMT" skipped="0">
  <testcase classname="com.edu.test.xuelishixun_Action" name="comment" time="31.312"/>
</testsuite> <!-- com.edu.test.xuelishixun_Action -->
