<?xml version="1.0" encoding="UTF-8"?>
<!-- Generated by org.testng.reporters.JUnitReportReporter -->
<testsuite hostname="PC" failures="0" tests="7" name="com.edu.test.Own_Message_Test" time="160.942" errors="0" timestamp="26 12æœˆ 2018 11:25:40 GMT" skipped="0">
  <testcase classname="com.edu.test.Own_Message_Test" name="edit_Password" time="33.051"/>
  <testcase classname="com.edu.test.Own_Message_Test" name="exit" time="9.452"/>
  <testcase classname="com.edu.test.Own_Message_Test" name="edit_PasswordFailed2" time="24.038"/>
  <testcase classname="com.edu.test.Own_Message_Test" name="edit_PasswordFailed3" time="24.190"/>
  <testcase classname="com.edu.test.Own_Message_Test" name="own_Message" time="11.606"/>
  <testcase classname="com.edu.test.Own_Message_Test" name="edit_PasswordFailed" time="23.973"/>
  <testcase classname="com.edu.test.Own_Message_Test" name="edit_Message" time="34.632"/>
</testsuite> <!-- com.edu.test.Own_Message_Test -->
