<?xml version="1.0" encoding="UTF-8"?>
<!-- Generated by org.testng.reporters.JUnitReportReporter -->
<testsuite hostname="PC" failures="0" tests="1" name="com.edu.test.Work_Submit_Test" time="31.890" errors="0" timestamp="26 12æœˆ 2018 11:25:40 GMT" skipped="0">
  <testcase classname="com.edu.test.Work_Submit_Test" name="code_file_txt" time="31.890"/>
</testsuite> <!-- com.edu.test.Work_Submit_Test -->
