<?xml version="1.0" encoding="UTF-8"?>
<!-- Generated by org.testng.reporters.JUnitReportReporter -->
<testsuite hostname="PC" failures="0" tests="1" name="com.edu.test.QieShuo_Test" time="23.319" errors="0" timestamp="26 12æœˆ 2018 12:26:36 GMT" skipped="0">
  <testcase classname="com.edu.test.QieShuo_Test" name="commentLong_Fail2" time="23.319"/>
</testsuite> <!-- com.edu.test.QieShuo_Test -->
