<?xml version="1.0" encoding="UTF-8"?>
<!-- Generated by org.testng.reporters.JUnitReportReporter -->
<testsuite hostname="DESKTOP-QJ34113" failures="0" tests="1" name="com.edu.test.Demo2" time="0.627" errors="0" timestamp="24 12æœˆ 2018 06:03:27 GMT" skipped="0">
  <testcase classname="com.edu.test.Demo2" name="addressDelete" time="0.627"/>
</testsuite> <!-- com.edu.test.Demo2 -->
