<?xml version="1.0" encoding="UTF-8"?>
<!-- Generated by org.testng.reporters.JUnitReportReporter -->
<testsuite hostname="DESKTOP-QJ34113" failures="0" tests="1" name="com.edu.test.Delete" time="0.446" errors="0" timestamp="18 12æœˆ 2018 06:00:53 GMT" skipped="0">
  <testcase classname="com.edu.test.Delete" name="login" time="0.446"/>
</testsuite> <!-- com.edu.test.Delete -->
