<?xml version="1.0" encoding="UTF-8"?>
<!-- Generated by org.testng.reporters.JUnitReportReporter -->
<testsuite hostname="DESKTOP-QJ34113" failures="0" tests="1" name="com.edu.test.Delete" time="0.787" errors="0" timestamp="24 12æœˆ 2018 09:16:38 GMT" skipped="0">
  <testcase classname="com.edu.test.Delete" name="login" time="0.787"/>
</testsuite> <!-- com.edu.test.Delete -->
