<?xml version="1.0" encoding="UTF-8"?>
<!-- Generated by org.testng.reporters.JUnitReportReporter -->
<testsuite hostname="DESK-20180507JQ" failures="0" tests="3" name="com.webtest.demo.Login" time="24.449" errors="0" timestamp="05 12æœˆ 2018 06:54:43 GMT" skipped="0">
  <testcase classname="com.webtest.demo.Login" name="loginSuccess_2" time="5.035"/>
  <testcase classname="com.webtest.demo.Login" name="loginSuccess_2" time="5.027"/>
  <testcase classname="com.webtest.demo.Login" name="loginSuccess_2" time="14.387"/>
</testsuite> <!-- com.webtest.demo.Login -->
