<?xml version="1.0" encoding="UTF-8"?>
<!-- Generated by org.testng.reporters.JUnitReportReporter -->
<testsuite hostname="DESK-20180507JQ" failures="0" tests="1" name="com.webtest.core.SendEmail" time="21.808" errors="0" timestamp="23 11æœˆ 2018 01:59:18 GMT" skipped="0">
  <testcase classname="com.webtest.core.SendEmail" name="sebd" time="21.808"/>
</testsuite> <!-- com.webtest.core.SendEmail -->
