<?xml version="1.0" encoding="UTF-8"?>
<!-- Generated by org.testng.reporters.JUnitReportReporter -->
<testsuite hostname="DESK-20180507JQ" failures="0" tests="1" name="com.webtest.demo.Search" time="26.480" errors="0" timestamp="05 12æœˆ 2018 09:08:59 GMT" skipped="0">
  <testcase classname="com.webtest.demo.Search" name="search_incomplete" time="26.480"/>
</testsuite> <!-- com.webtest.demo.Search -->
