<?xml version="1.0" encoding="UTF-8"?>
<!-- Generated by org.testng.reporters.JUnitReportReporter -->
<testsuite hostname="DESK-20180507JQ" failures="0" tests="1" name="com.webtest.core.Email" time="0.039" errors="0" timestamp="28 11æœˆ 2018 09:35:00 GMT" skipped="0">
  <testcase classname="com.webtest.core.Email" name="time_cev" time="0.039"/>
</testsuite> <!-- com.webtest.core.Email -->
