<?xml version="1.0" encoding="UTF-8"?>
<!-- Generated by org.testng.reporters.JUnitReportReporter -->
<testsuite hostname="DESK-20180507JQ" failures="0" tests="3" name="com.webtest.demo.Login2" time="34.738" errors="0" timestamp="05 12æœˆ 2018 08:07:27 GMT" skipped="0">
  <testcase classname="com.webtest.demo.Login2" name="login_2" time="10.644"/>
  <testcase classname="com.webtest.demo.Login2" name="login_2" time="11.062"/>
  <testcase classname="com.webtest.demo.Login2" name="login_2" time="13.032"/>
</testsuite> <!-- com.webtest.demo.Login2 -->
