<?xml version="1.0" encoding="UTF-8"?>
<!-- Generated by org.testng.reporters.JUnitReportReporter -->
<testsuite hostname="PC" failures="0" tests="1" name="com.edu.dataprovider.NSDataProvider" time="0.000" errors="0" timestamp="30 10æœˆ 2018 08:23:26 GMT" skipped="1">
  <testcase classname="com.edu.dataprovider.NSDataProvider" name="getData" time="0.000">
    <skipped/>
  </testcase> <!-- getData -->
</testsuite> <!-- com.edu.dataprovider.NSDataProvider -->
