<?xml version="1.0" encoding="UTF-8"?>
<!-- Generated by org.testng.reporters.JUnitReportReporter -->
<testsuite hostname="PC" failures="0" tests="1" name="com.edu.test.DelAddreTest" time="0.731" errors="0" timestamp="31 10æœˆ 2018 02:44:10 GMT" skipped="0">
  <testcase classname="com.edu.test.DelAddreTest" name="delTest1" time="0.731"/>
</testsuite> <!-- com.edu.test.DelAddreTest -->
