<?xml version="1.0" encoding="UTF-8"?>
<!-- Generated by org.testng.reporters.JUnitReportReporter -->
<testsuite hostname="PC" failures="0" tests="1" name="com.edu.test.A" time="0.008" errors="0" timestamp="25 12æœˆ 2018 09:34:02 GMT" skipped="0">
  <testcase classname="com.edu.test.A" name="ma" time="0.008"/>
</testsuite> <!-- com.edu.test.A -->
