<?xml version="1.0" encoding="UTF-8"?>
<!-- Generated by org.testng.reporters.JUnitReportReporter -->
<testsuite hostname="PC" failures="0" tests="2" name="com.edu.test.LoginTest" time="1.167" errors="0" timestamp="04 12æœˆ 2018 06:48:36 GMT" skipped="0">
  <testcase classname="com.edu.test.LoginTest" name="loginFail" time="0.913"/>
  <testcase classname="com.edu.test.LoginTest" name="loginSuccess" time="0.254"/>
</testsuite> <!-- com.edu.test.LoginTest -->
