<?xml version="1.0" encoding="UTF-8"?>
<!-- Generated by org.testng.reporters.JUnitReportReporter -->
<testsuite hostname="PC" failures="0" tests="2" name="com.edu.test.SkuListTestt" time="0.613" errors="0" timestamp="31 10æœˆ 2018 02:40:26 GMT" skipped="0">
  <testcase classname="com.edu.test.SkuListTestt" name="skuTest1" time="0.464"/>
  <testcase classname="com.edu.test.SkuListTestt" name="skuTest2" time="0.149"/>
</testsuite> <!-- com.edu.test.SkuListTestt -->
