<?xml version="1.0" encoding="UTF-8"?>
<!-- Generated by org.testng.reporters.JUnitReportReporter -->
<testsuite hostname="PC" failures="0" tests="1" name="com.edu.test.SubmitTest" time="1.221" errors="0" timestamp="31 10æœˆ 2018 02:55:47 GMT" skipped="0">
  <testcase classname="com.edu.test.SubmitTest" name="submitTest1" time="1.221"/>
</testsuite> <!-- com.edu.test.SubmitTest -->
