<?xml version="1.0" encoding="UTF-8"?>
<!-- Generated by org.testng.reporters.JUnitReportReporter -->
<testsuite hostname="DESKTOP-SBC7EAS" failures="0" tests="1" name="demo.qieshuo" time="35.482" errors="0" timestamp="11 12æœˆ 2018 08:22:50 GMT" skipped="0">
  <testcase classname="demo.qieshuo" name="test4" time="35.482"/>
</testsuite> <!-- demo.qieshuo -->
