<?xml version="1.0" encoding="UTF-8"?>
<!-- Generated by org.testng.reporters.JUnitReportReporter -->
<testsuite hostname="DESKTOP-SBC7EAS" failures="0" tests="1" name="qieshuo.qieshuoceshi" time="47.080" errors="0" timestamp="10 12æœˆ 2018 07:18:08 GMT" skipped="0">
  <testcase classname="qieshuo.qieshuoceshi" name="fachangwen" time="47.080"/>
</testsuite> <!-- qieshuo.qieshuoceshi -->
