<?xml version="1.0" encoding="UTF-8"?>
<!-- Generated by org.testng.reporters.JUnitReportReporter -->
<testsuite hostname="DESKTOP-SBC7EAS" failures="0" tests="1" name="tijiao.chakanzuoye" time="39.393" errors="0" timestamp="21 11æœˆ 2018 07:29:33 GMT" skipped="0">
  <testcase classname="tijiao.chakanzuoye" name="chakan" time="39.393"/>
</testsuite> <!-- tijiao.chakanzuoye -->
