<?xml version="1.0" encoding="UTF-8"?>
<!-- Generated by org.testng.reporters.JUnitReportReporter -->
<testsuite hostname="lovely" failures="0" tests="1" name="com.webtest.demo.Xueli" time="27.633" errors="0" timestamp="12 12æœˆ 2018 08:04:42 GMT" skipped="0">
  <testcase classname="com.webtest.demo.Xueli" name="talk" time="27.633"/>
</testsuite> <!-- com.webtest.demo.Xueli -->
