<?xml version="1.0" encoding="UTF-8"?>
<!-- Generated by org.testng.reporters.JUnitReportReporter -->
<testsuite skipped="0" hostname="LAPTOP-OHIPPB3J" name="com.edu.teach_test.AddRenwu_Test" tests="1" failures="0" timestamp="26 十二月 2018 02:26:34 GMT" time="27.614" errors="0">
  <testcase name="addRenwu" time="27.614" classname="com.edu.teach_test.AddRenwu_Test"/>
</testsuite> <!-- com.edu.teach_test.AddRenwu_Test -->
