<?xml version="1.0" encoding="UTF-8"?>
<!-- Generated by org.testng.reporters.JUnitReportReporter -->
<testsuite skipped="0" hostname="LAPTOP-OHIPPB3J" name="com.edu.teach_test.CreateClass_Test" tests="1" failures="0" timestamp="26 十二月 2018 02:26:34 GMT" time="48.050" errors="0">
  <testcase name="create_class" time="48.050" classname="com.edu.teach_test.CreateClass_Test"/>
</testsuite> <!-- com.edu.teach_test.CreateClass_Test -->
