<?xml version="1.0" encoding="UTF-8"?>
<!-- Generated by org.testng.reporters.JUnitReportReporter -->
<testsuite hostname="LAPTOP-OHIPPB3J" failures="0" tests="1" name="com.edu.teach_test.Piyue_Test" time="27.108" errors="0" timestamp="27 12æœˆ 2018 07:33:34 GMT" skipped="0">
  <testcase classname="com.edu.teach_test.Piyue_Test" name="piyue" time="27.108"/>
</testsuite> <!-- com.edu.teach_test.Piyue_Test -->
