<?xml version="1.0" encoding="UTF-8"?>
<!-- Generated by org.testng.reporters.JUnitReportReporter -->
<testsuite hostname="LAPTOP-OHIPPB3J" failures="0" tests="1" name="com.edu.teach_test.CreateClass_Test" time="27.794" errors="0" timestamp="10 12æœˆ 2018 06:59:45 GMT" skipped="0">
  <testcase classname="com.edu.teach_test.CreateClass_Test" name="create_class" time="27.794"/>
</testsuite> <!-- com.edu.teach_test.CreateClass_Test -->
