<?xml version="1.0" encoding="UTF-8"?>
<!-- Generated by org.testng.reporters.JUnitReportReporter -->
<testsuite hostname="LAPTOP-OHIPPB3J" failures="0" tests="1" name="com.edu.test.OverWork_Check_Test" time="8.787" errors="0" timestamp="07 12æœˆ 2018 00:32:40 GMT" skipped="0">
  <testcase classname="com.edu.test.OverWork_Check_Test" name="look_work" time="8.787"/>
</testsuite> <!-- com.edu.test.OverWork_Check_Test -->
