<?xml version="1.0" encoding="UTF-8"?>
<!-- Generated by org.testng.reporters.JUnitReportReporter -->
<testsuite hostname="LAPTOP-OHIPPB3J" failures="0" tests="2" name="com.edu.teach_test.ThroughAudit_Test" time="21.165" errors="0" timestamp="12 12æœˆ 2018 08:32:29 GMT" skipped="1">
  <testcase classname="com.edu.teach_test.ThroughAudit_Test" name="through_audit" time="21.165"/>
  <testcase classname="com.edu.teach_test.ThroughAudit_Test" name="through_audit2">
    <skipped/>
  </testcase> <!-- through_audit2 -->
</testsuite> <!-- com.edu.teach_test.ThroughAudit_Test -->
