<?xml version="1.0" encoding="UTF-8"?>
<!-- Generated by org.testng.reporters.JUnitReportReporter -->
<testsuite hostname="DESKTOP-QJ34113" failures="0" tests="1" name="com.edu.test.Demo3" time="0.580" errors="0" timestamp="18 12æœˆ 2018 08:58:35 GMT" skipped="0">
  <testcase classname="com.edu.test.Demo3" name="Delete" time="0.580"/>
</testsuite> <!-- com.edu.test.Demo3 -->
