<?xml version="1.0" encoding="UTF-8"?>
<!-- Generated by org.testng.reporters.JUnitReportReporter -->
<testsuite hostname="DESKTOP-QJ34113" failures="0" tests="1" name="com.edu.test.Login" time="0.440" errors="1" timestamp="19 12æœˆ 2018 09:58:52 GMT" skipped="0">
  <testcase classname="com.edu.test.Login" name="testLoginFail" time="0.440">
    <error message="Illegal character in authority at index 7: http://127.0.0.1:86 /common/fgadmin/login " type="java.lang.IllegalArgumentException">
      <![CDATA[java.lang.IllegalArgumentException: Illegal character in authority at index 7: http://127.0.0.1:86 /common/fgadmin/login 
at java.base/java.net.URI.create(Unknown Source)
at org.apache.http.client.methods.HttpPost.<init>(HttpPost.java:73)
at com.edu.core.HttpDriver.doPost(HttpDriver.java:133)
at com.edu.test.Login.login(Login.java:24)
at com.edu.test.Login.testLoginFail(Login.java:40)
at java.base/jdk.internal.reflect.NativeMethodAccessorImpl.invoke0(Native Method)
at java.base/jdk.internal.reflect.NativeMethodAccessorImpl.invoke(Unknown Source)
at java.base/jdk.internal.reflect.DelegatingMethodAccessorImpl.invoke(Unknown Source)
at java.base/java.lang.reflect.Method.invoke(Unknown Source)
at org.testng.internal.MethodInvocationHelper.invokeMethod(MethodInvocationHelper.java:124)
at org.testng.internal.Invoker.invokeMethod(Invoker.java:580)
at org.testng.internal.Invoker.invokeTestMethod(Invoker.java:716)
at org.testng.internal.Invoker.invokeTestMethods(Invoker.java:988)
at org.testng.internal.TestMethodWorker.invokeTestMethods(TestMethodWorker.java:125)
at org.testng.internal.TestMethodWorker.run(TestMethodWorker.java:109)
at org.testng.TestRunner.privateRun(TestRunner.java:648)
at org.testng.TestRunner.run(TestRunner.java:505)
at org.testng.SuiteRunner.runTest(SuiteRunner.java:455)
at org.testng.SuiteRunner.runSequentially(SuiteRunner.java:450)
at org.testng.SuiteRunner.privateRun(SuiteRunner.java:415)
at org.testng.SuiteRunner.run(SuiteRunner.java:364)
at org.testng.SuiteRunnerWorker.runSuite(SuiteRunnerWorker.java:52)
at org.testng.SuiteRunnerWorker.run(SuiteRunnerWorker.java:84)
at org.testng.TestNG.runSuitesSequentially(TestNG.java:1208)
at org.testng.TestNG.runSuitesLocally(TestNG.java:1137)
at org.testng.TestNG.runSuites(TestNG.java:1049)
at org.testng.TestNG.run(TestNG.java:1017)
at org.testng.remote.AbstractRemoteTestNG.run(AbstractRemoteTestNG.java:114)
at org.testng.remote.RemoteTestNG.initAndRun(RemoteTestNG.java:251)
at org.testng.remote.RemoteTestNG.main(RemoteTestNG.java:77)
Caused by: java.net.URISyntaxException: Illegal character in authority at index 7: http://127.0.0.1:86 /common/fgadmin/login 
at java.base/java.net.URI$Parser.fail(Unknown Source)
at java.base/java.net.URI$Parser.parseAuthority(Unknown Source)
at java.base/java.net.URI$Parser.parseHierarchical(Unknown Source)
at java.base/java.net.URI$Parser.parse(Unknown Source)
at java.base/java.net.URI.<init>(Unknown Source)
... 30 more
]]>
    </error>
  </testcase> <!-- testLoginFail -->
</testsuite> <!-- com.edu.test.Login -->
