<?xml version="1.0" encoding="UTF-8"?>
<!-- Generated by org.testng.reporters.JUnitReportReporter -->
<testsuite skipped="0" hostname="PC" name="com.edu.teach_test.ThroughAudit_Test" tests="2" failures="0" timestamp="26 十二月 2018 13:10:41 GMT" time="35.024" errors="0">
  <testcase name="through_audit" time="22.118" classname="com.edu.teach_test.ThroughAudit_Test"/>
  <testcase name="through_audit2" time="12.906" classname="com.edu.teach_test.ThroughAudit_Test"/>
</testsuite> <!-- com.edu.teach_test.ThroughAudit_Test -->
