<?xml version="1.0" encoding="UTF-8"?>
<!-- Generated by org.testng.reporters.JUnitReportReporter -->
<testsuite skipped="0" hostname="PC" name="com.edu.test.Search_Test" tests="3" failures="0" timestamp="26 十二月 2018 13:10:41 GMT" time="34.801" errors="0">
  <testcase name="search_fail" time="10.013" classname="com.edu.test.Search_Test"/>
  <testcase name="search_success" time="16.525" classname="com.edu.test.Search_Test"/>
  <testcase name="search_null" time="8.263" classname="com.edu.test.Search_Test"/>
</testsuite> <!-- com.edu.test.Search_Test -->
