<?xml version="1.0" encoding="UTF-8"?>
<!-- Generated by org.testng.reporters.JUnitReportReporter -->
<testsuite skipped="0" hostname="PC" name="com.edu.teach_test.AddRenwu_Test" tests="1" failures="0" timestamp="26 十二月 2018 13:10:41 GMT" time="18.910" errors="0">
  <testcase name="addRenwu" time="18.910" classname="com.edu.teach_test.AddRenwu_Test"/>
</testsuite> <!-- com.edu.teach_test.AddRenwu_Test -->
