<?xml version="1.0" encoding="UTF-8"?>
<!-- Generated by org.testng.reporters.JUnitReportReporter -->
<testsuite skipped="0" hostname="PC" name="com.edu.test.Work_Change_Test" tests="1" failures="0" timestamp="26 十二月 2018 13:10:41 GMT" time="38.482" errors="0">
  <testcase name="change_work" time="38.482" classname="com.edu.test.Work_Change_Test"/>
</testsuite> <!-- com.edu.test.Work_Change_Test -->
