<?xml version="1.0" encoding="UTF-8"?>
<!-- Generated by org.testng.reporters.JUnitReportReporter -->
<testsuite skipped="0" hostname="PC" name="com.edu.test.Work_Submit_Test" tests="1" failures="0" timestamp="26 十二月 2018 13:10:41 GMT" time="34.022" errors="0">
  <testcase name="code_file_txt" time="34.022" classname="com.edu.test.Work_Submit_Test"/>
</testsuite> <!-- com.edu.test.Work_Submit_Test -->
