<?xml version="1.0" encoding="UTF-8"?>
<!-- Generated by org.testng.reporters.JUnitReportReporter -->
<testsuite skipped="0" hostname="PC" name="com.edu.teach_test.CreateClass_Test" tests="1" failures="0" timestamp="26 十二月 2018 13:10:41 GMT" time="18.416" errors="0">
  <testcase name="create_class" time="18.416" classname="com.edu.teach_test.CreateClass_Test"/>
</testsuite> <!-- com.edu.teach_test.CreateClass_Test -->
