<?xml version="1.0" encoding="UTF-8"?>
<!-- Generated by org.testng.reporters.JUnitReportReporter -->
<testsuite skipped="0" hostname="PC" name="com.edu.test.OverWork_Check_Test" tests="1" failures="0" timestamp="26 十二月 2018 13:10:41 GMT" time="8.369" errors="0">
  <testcase name="look_work" time="8.369" classname="com.edu.test.OverWork_Check_Test"/>
</testsuite> <!-- com.edu.test.OverWork_Check_Test -->
