<?xml version="1.0" encoding="UTF-8"?>
<!-- Generated by org.testng.reporters.JUnitReportReporter -->
<testsuite skipped="0" hostname="PC" name="com.edu.test.Course_Test" tests="4" failures="0" timestamp="26 十二月 2018 13:10:41 GMT" time="98.492" errors="0">
  <testcase name="course_Look" time="19.990" classname="com.edu.test.Course_Test"/>
  <testcase name="course_Search" time="18.139" classname="com.edu.test.Course_Test"/>
  <testcase name="course_Search3" time="32.942" classname="com.edu.test.Course_Test"/>
  <testcase name="course_Search2" time="27.421" classname="com.edu.test.Course_Test"/>
</testsuite> <!-- com.edu.test.Course_Test -->
