<?xml version="1.0" encoding="UTF-8"?>
<!-- Generated by org.testng.reporters.JUnitReportReporter -->
<testsuite skipped="0" hostname="PC" name="com.edu.test.Notice_Test" tests="3" failures="0" timestamp="26 十二月 2018 13:10:41 GMT" time="42.631" errors="0">
  <testcase name="notice" time="4.867" classname="com.edu.test.Notice_Test"/>
  <testcase name="praise" time="7.047" classname="com.edu.test.Notice_Test"/>
  <testcase name="comment" time="30.717" classname="com.edu.test.Notice_Test"/>
</testsuite> <!-- com.edu.test.Notice_Test -->
