<?xml version="1.0" encoding="UTF-8"?>
<!-- Generated by org.testng.reporters.JUnitReportReporter -->
<testsuite skipped="0" hostname="PC" name="com.edu.test.Coures_Apply_Test" tests="3" failures="0" timestamp="26 十二月 2018 13:10:41 GMT" time="104.567" errors="0">
  <testcase name="ownCourse" time="38.477" classname="com.edu.test.Coures_Apply_Test"/>
  <testcase name="course2" time="43.202" classname="com.edu.test.Coures_Apply_Test"/>
  <testcase name="course" time="22.888" classname="com.edu.test.Coures_Apply_Test"/>
</testsuite> <!-- com.edu.test.Coures_Apply_Test -->
