<?xml version="1.0" encoding="UTF-8"?>
<!-- Generated by org.testng.reporters.JUnitReportReporter -->
<testsuite hostname="LAPTOP-CVGQM1CK" failures="0" tests="2" name="test.List" time="0.904" errors="0" timestamp="19 12æœˆ 2018 07:46:29 GMT" skipped="0">
  <testcase classname="test.List" name="ss" time="0.198"/>
  <testcase classname="test.List" name="ff" time="0.706"/>
</testsuite> <!-- test.List -->
