<?xml version="1.0" encoding="UTF-8"?>
<!-- Generated by org.testng.reporters.JUnitReportReporter -->
<testsuite hostname="LAPTOP-CVGQM1CK" failures="0" tests="11" name="com.edu.test.Submit" time="0.816" errors="0" timestamp="17 12æœˆ 2018 10:37:44 GMT" skipped="0">
  <testcase classname="com.edu.test.Submit" name="loginSuccess" time="0.044"/>
  <testcase classname="com.edu.test.Submit" name="loginSuccess" time="0.296"/>
  <testcase classname="com.edu.test.Submit" name="loginSuccess" time="0.048"/>
  <testcase classname="com.edu.test.Submit" name="loginSuccess" time="0.048"/>
  <testcase classname="com.edu.test.Submit" name="loginSuccess" time="0.047"/>
  <testcase classname="com.edu.test.Submit" name="loginSuccess" time="0.047"/>
  <testcase classname="com.edu.test.Submit" name="loginSuccess" time="0.047"/>
  <testcase classname="com.edu.test.Submit" name="loginSuccess" time="0.066"/>
  <testcase classname="com.edu.test.Submit" name="loginSuccess" time="0.051"/>
  <testcase classname="com.edu.test.Submit" name="loginSuccess" time="0.052"/>
  <testcase classname="com.edu.test.Submit" name="submit" time="0.070"/>
</testsuite> <!-- com.edu.test.Submit -->
